e:\pgg\flame simulation\flame simulation\debug\flame.obj
e:\pgg\flame simulation\flame simulation\debug\main.obj
e:\pgg\flame simulation\flame simulation\debug\material.obj
e:\pgg\flame simulation\flame simulation\debug\mesh.obj
e:\pgg\flame simulation\flame simulation\debug\object.obj
e:\pgg\flame simulation\flame simulation\debug\particle.obj
e:\pgg\flame simulation\flame simulation\debug\scene.obj
e:\pgg\flame simulation\flame simulation\debug\shader.obj
e:\pgg\flame simulation\flame simulation\debug\vc110.pdb
e:\pgg\flame simulation\flame simulation\debug\glew.obj
e:\pgg\flame simulation\debug\flame simulation.ilk
e:\pgg\flame simulation\debug\flame simulation.exe
e:\pgg\flame simulation\debug\flame simulation.pdb
c:\users\cakeng\desktop\gibum\flame-sim-opengl-master(1)\flame-sim-opengl-master\flame simulation\debug\vc143.pdb
c:\users\cakeng\desktop\gibum\flame-sim-opengl-master(1)\flame-sim-opengl-master\flame simulation\debug\vc143.idb
c:\users\cakeng\desktop\gibum\flame-sim-opengl-master(1)\flame-sim-opengl-master\flame simulation\debug\shader.obj
c:\users\cakeng\desktop\gibum\flame-sim-opengl-master(1)\flame-sim-opengl-master\flame simulation\debug\scene.obj
c:\users\cakeng\desktop\gibum\flame-sim-opengl-master(1)\flame-sim-opengl-master\flame simulation\debug\particle.obj
c:\users\cakeng\desktop\gibum\flame-sim-opengl-master(1)\flame-sim-opengl-master\flame simulation\debug\object.obj
c:\users\cakeng\desktop\gibum\flame-sim-opengl-master(1)\flame-sim-opengl-master\flame simulation\debug\mesh.obj
c:\users\cakeng\desktop\gibum\flame-sim-opengl-master(1)\flame-sim-opengl-master\flame simulation\debug\material.obj
c:\users\cakeng\desktop\gibum\flame-sim-opengl-master(1)\flame-sim-opengl-master\flame simulation\debug\main.obj
c:\users\cakeng\desktop\gibum\flame-sim-opengl-master(1)\flame-sim-opengl-master\flame simulation\debug\flame.obj
c:\users\cakeng\desktop\gibum\flame-sim-opengl-master(1)\flame-sim-opengl-master\flame simulation\debug\glew.obj
c:\users\cakeng\desktop\gibum\flame-sim-opengl-master(1)\flame-sim-opengl-master\debug\flame simulation.exe
c:\users\cakeng\desktop\gibum\flame-sim-opengl-master(1)\flame-sim-opengl-master\flame simulation\debug\flame simulation.ilk
c:\users\cakeng\desktop\gibum\flame-sim-opengl-master(1)\flame-sim-opengl-master\debug\flame simulation.pdb
c:\users\pgb\onedrive - snu\바탕 화면\flame2\test\flame-sim-opengl-master\flame simulation\debug\flame.obj
c:\users\pgb\onedrive - snu\바탕 화면\flame2\test\flame-sim-opengl-master\flame simulation\debug\glew.obj
c:\users\pgb\onedrive - snu\바탕 화면\flame2\test\flame-sim-opengl-master\flame simulation\debug\main.obj
c:\users\pgb\onedrive - snu\바탕 화면\flame2\test\flame-sim-opengl-master\flame simulation\debug\material.obj
c:\users\pgb\onedrive - snu\바탕 화면\flame2\test\flame-sim-opengl-master\flame simulation\debug\mesh.obj
c:\users\pgb\onedrive - snu\바탕 화면\flame2\test\flame-sim-opengl-master\flame simulation\debug\object.obj
c:\users\pgb\onedrive - snu\바탕 화면\flame2\test\flame-sim-opengl-master\flame simulation\debug\particle.obj
c:\users\pgb\onedrive - snu\바탕 화면\flame2\test\flame-sim-opengl-master\flame simulation\debug\scene.obj
c:\users\pgb\onedrive - snu\바탕 화면\flame2\test\flame-sim-opengl-master\flame simulation\debug\shader.obj
c:\users\pgb\onedrive - snu\바탕 화면\flame2\test\flame-sim-opengl-master\flame simulation\debug\texture.obj
c:\users\pgb\onedrive - snu\바탕 화면\flame2\test\flame-sim-opengl-master\flame simulation\debug\flame simulation.ilk
c:\users\pgb\onedrive - snu\바탕 화면\flame2\test\flame-sim-opengl-master\flame simulation\debug\cl.command.1.tlog
c:\users\pgb\onedrive - snu\바탕 화면\flame2\test\flame-sim-opengl-master\flame simulation\debug\cl.read.1.tlog
c:\users\pgb\onedrive - snu\바탕 화면\flame2\test\flame-sim-opengl-master\flame simulation\debug\cl.write.1.tlog
c:\users\pgb\onedrive - snu\바탕 화면\flame2\test\flame-sim-opengl-master\flame simulation\debug\link-cvtres.read.1.tlog
c:\users\pgb\onedrive - snu\바탕 화면\flame2\test\flame-sim-opengl-master\flame simulation\debug\link-cvtres.write.1.tlog
c:\users\pgb\onedrive - snu\바탕 화면\flame2\test\flame-sim-opengl-master\flame simulation\debug\link-rc.read.1.tlog
c:\users\pgb\onedrive - snu\바탕 화면\flame2\test\flame-sim-opengl-master\flame simulation\debug\link-rc.write.1.tlog
c:\users\pgb\onedrive - snu\바탕 화면\flame2\test\flame-sim-opengl-master\flame simulation\debug\link.10088-cvtres.read.1.tlog
c:\users\pgb\onedrive - snu\바탕 화면\flame2\test\flame-sim-opengl-master\flame simulation\debug\link.10088-cvtres.write.1.tlog
c:\users\pgb\onedrive - snu\바탕 화면\flame2\test\flame-sim-opengl-master\flame simulation\debug\link.10088-rc.read.1.tlog
c:\users\pgb\onedrive - snu\바탕 화면\flame2\test\flame-sim-opengl-master\flame simulation\debug\link.10088-rc.write.1.tlog
c:\users\pgb\onedrive - snu\바탕 화면\flame2\test\flame-sim-opengl-master\flame simulation\debug\link.10088.read.1.tlog
c:\users\pgb\onedrive - snu\바탕 화면\flame2\test\flame-sim-opengl-master\flame simulation\debug\link.10088.write.1.tlog
c:\users\pgb\onedrive - snu\바탕 화면\flame2\test\flame-sim-opengl-master\flame simulation\debug\link.10392-cvtres.read.1.tlog
c:\users\pgb\onedrive - snu\바탕 화면\flame2\test\flame-sim-opengl-master\flame simulation\debug\link.10392-cvtres.write.1.tlog
c:\users\pgb\onedrive - snu\바탕 화면\flame2\test\flame-sim-opengl-master\flame simulation\debug\link.10392-rc.read.1.tlog
c:\users\pgb\onedrive - snu\바탕 화면\flame2\test\flame-sim-opengl-master\flame simulation\debug\link.10392-rc.write.1.tlog
c:\users\pgb\onedrive - snu\바탕 화면\flame2\test\flame-sim-opengl-master\flame simulation\debug\link.10392.read.1.tlog
c:\users\pgb\onedrive - snu\바탕 화면\flame2\test\flame-sim-opengl-master\flame simulation\debug\link.10392.write.1.tlog
c:\users\pgb\onedrive - snu\바탕 화면\flame2\test\flame-sim-opengl-master\flame simulation\debug\link.10412-cvtres.read.1.tlog
c:\users\pgb\onedrive - snu\바탕 화면\flame2\test\flame-sim-opengl-master\flame simulation\debug\link.10412-cvtres.write.1.tlog
c:\users\pgb\onedrive - snu\바탕 화면\flame2\test\flame-sim-opengl-master\flame simulation\debug\link.10412-rc.read.1.tlog
c:\users\pgb\onedrive - snu\바탕 화면\flame2\test\flame-sim-opengl-master\flame simulation\debug\link.10412-rc.write.1.tlog
c:\users\pgb\onedrive - snu\바탕 화면\flame2\test\flame-sim-opengl-master\flame simulation\debug\link.10412.read.1.tlog
c:\users\pgb\onedrive - snu\바탕 화면\flame2\test\flame-sim-opengl-master\flame simulation\debug\link.10412.write.1.tlog
c:\users\pgb\onedrive - snu\바탕 화면\flame2\test\flame-sim-opengl-master\flame simulation\debug\link.1056-cvtres.read.1.tlog
c:\users\pgb\onedrive - snu\바탕 화면\flame2\test\flame-sim-opengl-master\flame simulation\debug\link.1056-cvtres.write.1.tlog
c:\users\pgb\onedrive - snu\바탕 화면\flame2\test\flame-sim-opengl-master\flame simulation\debug\link.1056-rc.read.1.tlog
c:\users\pgb\onedrive - snu\바탕 화면\flame2\test\flame-sim-opengl-master\flame simulation\debug\link.1056-rc.write.1.tlog
c:\users\pgb\onedrive - snu\바탕 화면\flame2\test\flame-sim-opengl-master\flame simulation\debug\link.1056.read.1.tlog
c:\users\pgb\onedrive - snu\바탕 화면\flame2\test\flame-sim-opengl-master\flame simulation\debug\link.1056.write.1.tlog
c:\users\pgb\onedrive - snu\바탕 화면\flame2\test\flame-sim-opengl-master\flame simulation\debug\link.11448-cvtres.read.1.tlog
c:\users\pgb\onedrive - snu\바탕 화면\flame2\test\flame-sim-opengl-master\flame simulation\debug\link.11448-cvtres.write.1.tlog
c:\users\pgb\onedrive - snu\바탕 화면\flame2\test\flame-sim-opengl-master\flame simulation\debug\link.11448-rc.read.1.tlog
c:\users\pgb\onedrive - snu\바탕 화면\flame2\test\flame-sim-opengl-master\flame simulation\debug\link.11448-rc.write.1.tlog
c:\users\pgb\onedrive - snu\바탕 화면\flame2\test\flame-sim-opengl-master\flame simulation\debug\link.11448.read.1.tlog
c:\users\pgb\onedrive - snu\바탕 화면\flame2\test\flame-sim-opengl-master\flame simulation\debug\link.11448.write.1.tlog
c:\users\pgb\onedrive - snu\바탕 화면\flame2\test\flame-sim-opengl-master\flame simulation\debug\link.11636-cvtres.read.1.tlog
c:\users\pgb\onedrive - snu\바탕 화면\flame2\test\flame-sim-opengl-master\flame simulation\debug\link.11636-cvtres.write.1.tlog
c:\users\pgb\onedrive - snu\바탕 화면\flame2\test\flame-sim-opengl-master\flame simulation\debug\link.11636-rc.read.1.tlog
c:\users\pgb\onedrive - snu\바탕 화면\flame2\test\flame-sim-opengl-master\flame simulation\debug\link.11636-rc.write.1.tlog
c:\users\pgb\onedrive - snu\바탕 화면\flame2\test\flame-sim-opengl-master\flame simulation\debug\link.11636.read.1.tlog
c:\users\pgb\onedrive - snu\바탕 화면\flame2\test\flame-sim-opengl-master\flame simulation\debug\link.11636.write.1.tlog
c:\users\pgb\onedrive - snu\바탕 화면\flame2\test\flame-sim-opengl-master\flame simulation\debug\link.12132-cvtres.read.1.tlog
c:\users\pgb\onedrive - snu\바탕 화면\flame2\test\flame-sim-opengl-master\flame simulation\debug\link.12132-cvtres.write.1.tlog
c:\users\pgb\onedrive - snu\바탕 화면\flame2\test\flame-sim-opengl-master\flame simulation\debug\link.12132-rc.read.1.tlog
c:\users\pgb\onedrive - snu\바탕 화면\flame2\test\flame-sim-opengl-master\flame simulation\debug\link.12132-rc.write.1.tlog
c:\users\pgb\onedrive - snu\바탕 화면\flame2\test\flame-sim-opengl-master\flame simulation\debug\link.12132.read.1.tlog
c:\users\pgb\onedrive - snu\바탕 화면\flame2\test\flame-sim-opengl-master\flame simulation\debug\link.12132.write.1.tlog
c:\users\pgb\onedrive - snu\바탕 화면\flame2\test\flame-sim-opengl-master\flame simulation\debug\link.12344-cvtres.read.1.tlog
c:\users\pgb\onedrive - snu\바탕 화면\flame2\test\flame-sim-opengl-master\flame simulation\debug\link.12344-cvtres.write.1.tlog
c:\users\pgb\onedrive - snu\바탕 화면\flame2\test\flame-sim-opengl-master\flame simulation\debug\link.12344-rc.read.1.tlog
c:\users\pgb\onedrive - snu\바탕 화면\flame2\test\flame-sim-opengl-master\flame simulation\debug\link.12344-rc.write.1.tlog
c:\users\pgb\onedrive - snu\바탕 화면\flame2\test\flame-sim-opengl-master\flame simulation\debug\link.12344.read.1.tlog
c:\users\pgb\onedrive - snu\바탕 화면\flame2\test\flame-sim-opengl-master\flame simulation\debug\link.12344.write.1.tlog
c:\users\pgb\onedrive - snu\바탕 화면\flame2\test\flame-sim-opengl-master\flame simulation\debug\link.12532-cvtres.read.1.tlog
c:\users\pgb\onedrive - snu\바탕 화면\flame2\test\flame-sim-opengl-master\flame simulation\debug\link.12532-cvtres.write.1.tlog
c:\users\pgb\onedrive - snu\바탕 화면\flame2\test\flame-sim-opengl-master\flame simulation\debug\link.12532-rc.read.1.tlog
c:\users\pgb\onedrive - snu\바탕 화면\flame2\test\flame-sim-opengl-master\flame simulation\debug\link.12532-rc.write.1.tlog
c:\users\pgb\onedrive - snu\바탕 화면\flame2\test\flame-sim-opengl-master\flame simulation\debug\link.12532.read.1.tlog
c:\users\pgb\onedrive - snu\바탕 화면\flame2\test\flame-sim-opengl-master\flame simulation\debug\link.12532.write.1.tlog
c:\users\pgb\onedrive - snu\바탕 화면\flame2\test\flame-sim-opengl-master\flame simulation\debug\link.12984-cvtres.read.1.tlog
c:\users\pgb\onedrive - snu\바탕 화면\flame2\test\flame-sim-opengl-master\flame simulation\debug\link.12984-cvtres.write.1.tlog
c:\users\pgb\onedrive - snu\바탕 화면\flame2\test\flame-sim-opengl-master\flame simulation\debug\link.12984-rc.read.1.tlog
c:\users\pgb\onedrive - snu\바탕 화면\flame2\test\flame-sim-opengl-master\flame simulation\debug\link.12984-rc.write.1.tlog
c:\users\pgb\onedrive - snu\바탕 화면\flame2\test\flame-sim-opengl-master\flame simulation\debug\link.12984.read.1.tlog
c:\users\pgb\onedrive - snu\바탕 화면\flame2\test\flame-sim-opengl-master\flame simulation\debug\link.12984.write.1.tlog
c:\users\pgb\onedrive - snu\바탕 화면\flame2\test\flame-sim-opengl-master\flame simulation\debug\link.13160-cvtres.read.1.tlog
c:\users\pgb\onedrive - snu\바탕 화면\flame2\test\flame-sim-opengl-master\flame simulation\debug\link.13160-cvtres.write.1.tlog
c:\users\pgb\onedrive - snu\바탕 화면\flame2\test\flame-sim-opengl-master\flame simulation\debug\link.13160-rc.read.1.tlog
c:\users\pgb\onedrive - snu\바탕 화면\flame2\test\flame-sim-opengl-master\flame simulation\debug\link.13160-rc.write.1.tlog
c:\users\pgb\onedrive - snu\바탕 화면\flame2\test\flame-sim-opengl-master\flame simulation\debug\link.13160.read.1.tlog
c:\users\pgb\onedrive - snu\바탕 화면\flame2\test\flame-sim-opengl-master\flame simulation\debug\link.13160.write.1.tlog
c:\users\pgb\onedrive - snu\바탕 화면\flame2\test\flame-sim-opengl-master\flame simulation\debug\link.13360-cvtres.read.1.tlog
c:\users\pgb\onedrive - snu\바탕 화면\flame2\test\flame-sim-opengl-master\flame simulation\debug\link.13360-cvtres.write.1.tlog
c:\users\pgb\onedrive - snu\바탕 화면\flame2\test\flame-sim-opengl-master\flame simulation\debug\link.13360-rc.read.1.tlog
c:\users\pgb\onedrive - snu\바탕 화면\flame2\test\flame-sim-opengl-master\flame simulation\debug\link.13360-rc.write.1.tlog
c:\users\pgb\onedrive - snu\바탕 화면\flame2\test\flame-sim-opengl-master\flame simulation\debug\link.13360.read.1.tlog
c:\users\pgb\onedrive - snu\바탕 화면\flame2\test\flame-sim-opengl-master\flame simulation\debug\link.13360.write.1.tlog
c:\users\pgb\onedrive - snu\바탕 화면\flame2\test\flame-sim-opengl-master\flame simulation\debug\link.13428-cvtres.read.1.tlog
c:\users\pgb\onedrive - snu\바탕 화면\flame2\test\flame-sim-opengl-master\flame simulation\debug\link.13428-cvtres.write.1.tlog
c:\users\pgb\onedrive - snu\바탕 화면\flame2\test\flame-sim-opengl-master\flame simulation\debug\link.13428-rc.read.1.tlog
c:\users\pgb\onedrive - snu\바탕 화면\flame2\test\flame-sim-opengl-master\flame simulation\debug\link.13428-rc.write.1.tlog
c:\users\pgb\onedrive - snu\바탕 화면\flame2\test\flame-sim-opengl-master\flame simulation\debug\link.13428.read.1.tlog
c:\users\pgb\onedrive - snu\바탕 화면\flame2\test\flame-sim-opengl-master\flame simulation\debug\link.13428.write.1.tlog
c:\users\pgb\onedrive - snu\바탕 화면\flame2\test\flame-sim-opengl-master\flame simulation\debug\link.13548-cvtres.read.1.tlog
c:\users\pgb\onedrive - snu\바탕 화면\flame2\test\flame-sim-opengl-master\flame simulation\debug\link.13548-cvtres.write.1.tlog
c:\users\pgb\onedrive - snu\바탕 화면\flame2\test\flame-sim-opengl-master\flame simulation\debug\link.13548-rc.read.1.tlog
c:\users\pgb\onedrive - snu\바탕 화면\flame2\test\flame-sim-opengl-master\flame simulation\debug\link.13548-rc.write.1.tlog
c:\users\pgb\onedrive - snu\바탕 화면\flame2\test\flame-sim-opengl-master\flame simulation\debug\link.13548.read.1.tlog
c:\users\pgb\onedrive - snu\바탕 화면\flame2\test\flame-sim-opengl-master\flame simulation\debug\link.13548.write.1.tlog
c:\users\pgb\onedrive - snu\바탕 화면\flame2\test\flame-sim-opengl-master\flame simulation\debug\link.14884-cvtres.read.1.tlog
c:\users\pgb\onedrive - snu\바탕 화면\flame2\test\flame-sim-opengl-master\flame simulation\debug\link.14884-cvtres.write.1.tlog
c:\users\pgb\onedrive - snu\바탕 화면\flame2\test\flame-sim-opengl-master\flame simulation\debug\link.14884-rc.read.1.tlog
c:\users\pgb\onedrive - snu\바탕 화면\flame2\test\flame-sim-opengl-master\flame simulation\debug\link.14884-rc.write.1.tlog
c:\users\pgb\onedrive - snu\바탕 화면\flame2\test\flame-sim-opengl-master\flame simulation\debug\link.14884.read.1.tlog
c:\users\pgb\onedrive - snu\바탕 화면\flame2\test\flame-sim-opengl-master\flame simulation\debug\link.14884.write.1.tlog
c:\users\pgb\onedrive - snu\바탕 화면\flame2\test\flame-sim-opengl-master\flame simulation\debug\link.1856-cvtres.read.1.tlog
c:\users\pgb\onedrive - snu\바탕 화면\flame2\test\flame-sim-opengl-master\flame simulation\debug\link.1856-cvtres.write.1.tlog
c:\users\pgb\onedrive - snu\바탕 화면\flame2\test\flame-sim-opengl-master\flame simulation\debug\link.1856-rc.read.1.tlog
c:\users\pgb\onedrive - snu\바탕 화면\flame2\test\flame-sim-opengl-master\flame simulation\debug\link.1856-rc.write.1.tlog
c:\users\pgb\onedrive - snu\바탕 화면\flame2\test\flame-sim-opengl-master\flame simulation\debug\link.1856.read.1.tlog
c:\users\pgb\onedrive - snu\바탕 화면\flame2\test\flame-sim-opengl-master\flame simulation\debug\link.1856.write.1.tlog
c:\users\pgb\onedrive - snu\바탕 화면\flame2\test\flame-sim-opengl-master\flame simulation\debug\link.196-cvtres.read.1.tlog
c:\users\pgb\onedrive - snu\바탕 화면\flame2\test\flame-sim-opengl-master\flame simulation\debug\link.196-cvtres.write.1.tlog
c:\users\pgb\onedrive - snu\바탕 화면\flame2\test\flame-sim-opengl-master\flame simulation\debug\link.196-rc.read.1.tlog
c:\users\pgb\onedrive - snu\바탕 화면\flame2\test\flame-sim-opengl-master\flame simulation\debug\link.196-rc.write.1.tlog
c:\users\pgb\onedrive - snu\바탕 화면\flame2\test\flame-sim-opengl-master\flame simulation\debug\link.196.read.1.tlog
c:\users\pgb\onedrive - snu\바탕 화면\flame2\test\flame-sim-opengl-master\flame simulation\debug\link.196.write.1.tlog
c:\users\pgb\onedrive - snu\바탕 화면\flame2\test\flame-sim-opengl-master\flame simulation\debug\link.3128-cvtres.read.1.tlog
c:\users\pgb\onedrive - snu\바탕 화면\flame2\test\flame-sim-opengl-master\flame simulation\debug\link.3128-cvtres.write.1.tlog
c:\users\pgb\onedrive - snu\바탕 화면\flame2\test\flame-sim-opengl-master\flame simulation\debug\link.3128-rc.read.1.tlog
c:\users\pgb\onedrive - snu\바탕 화면\flame2\test\flame-sim-opengl-master\flame simulation\debug\link.3128-rc.write.1.tlog
c:\users\pgb\onedrive - snu\바탕 화면\flame2\test\flame-sim-opengl-master\flame simulation\debug\link.3128.read.1.tlog
c:\users\pgb\onedrive - snu\바탕 화면\flame2\test\flame-sim-opengl-master\flame simulation\debug\link.3128.write.1.tlog
c:\users\pgb\onedrive - snu\바탕 화면\flame2\test\flame-sim-opengl-master\flame simulation\debug\link.4392-cvtres.read.1.tlog
c:\users\pgb\onedrive - snu\바탕 화면\flame2\test\flame-sim-opengl-master\flame simulation\debug\link.4392-cvtres.write.1.tlog
c:\users\pgb\onedrive - snu\바탕 화면\flame2\test\flame-sim-opengl-master\flame simulation\debug\link.4392-rc.read.1.tlog
c:\users\pgb\onedrive - snu\바탕 화면\flame2\test\flame-sim-opengl-master\flame simulation\debug\link.4392-rc.write.1.tlog
c:\users\pgb\onedrive - snu\바탕 화면\flame2\test\flame-sim-opengl-master\flame simulation\debug\link.4392.read.1.tlog
c:\users\pgb\onedrive - snu\바탕 화면\flame2\test\flame-sim-opengl-master\flame simulation\debug\link.4392.write.1.tlog
c:\users\pgb\onedrive - snu\바탕 화면\flame2\test\flame-sim-opengl-master\flame simulation\debug\link.4792-cvtres.read.1.tlog
c:\users\pgb\onedrive - snu\바탕 화면\flame2\test\flame-sim-opengl-master\flame simulation\debug\link.4792-cvtres.write.1.tlog
c:\users\pgb\onedrive - snu\바탕 화면\flame2\test\flame-sim-opengl-master\flame simulation\debug\link.4792-rc.read.1.tlog
c:\users\pgb\onedrive - snu\바탕 화면\flame2\test\flame-sim-opengl-master\flame simulation\debug\link.4792-rc.write.1.tlog
c:\users\pgb\onedrive - snu\바탕 화면\flame2\test\flame-sim-opengl-master\flame simulation\debug\link.4792.read.1.tlog
c:\users\pgb\onedrive - snu\바탕 화면\flame2\test\flame-sim-opengl-master\flame simulation\debug\link.4792.write.1.tlog
c:\users\pgb\onedrive - snu\바탕 화면\flame2\test\flame-sim-opengl-master\flame simulation\debug\link.4848-cvtres.read.1.tlog
c:\users\pgb\onedrive - snu\바탕 화면\flame2\test\flame-sim-opengl-master\flame simulation\debug\link.4848-cvtres.write.1.tlog
c:\users\pgb\onedrive - snu\바탕 화면\flame2\test\flame-sim-opengl-master\flame simulation\debug\link.4848-rc.read.1.tlog
c:\users\pgb\onedrive - snu\바탕 화면\flame2\test\flame-sim-opengl-master\flame simulation\debug\link.4848-rc.write.1.tlog
c:\users\pgb\onedrive - snu\바탕 화면\flame2\test\flame-sim-opengl-master\flame simulation\debug\link.4848.read.1.tlog
c:\users\pgb\onedrive - snu\바탕 화면\flame2\test\flame-sim-opengl-master\flame simulation\debug\link.4848.write.1.tlog
c:\users\pgb\onedrive - snu\바탕 화면\flame2\test\flame-sim-opengl-master\flame simulation\debug\link.5204-cvtres.read.1.tlog
c:\users\pgb\onedrive - snu\바탕 화면\flame2\test\flame-sim-opengl-master\flame simulation\debug\link.5204-cvtres.write.1.tlog
c:\users\pgb\onedrive - snu\바탕 화면\flame2\test\flame-sim-opengl-master\flame simulation\debug\link.5204-rc.read.1.tlog
c:\users\pgb\onedrive - snu\바탕 화면\flame2\test\flame-sim-opengl-master\flame simulation\debug\link.5204-rc.write.1.tlog
c:\users\pgb\onedrive - snu\바탕 화면\flame2\test\flame-sim-opengl-master\flame simulation\debug\link.5204.read.1.tlog
c:\users\pgb\onedrive - snu\바탕 화면\flame2\test\flame-sim-opengl-master\flame simulation\debug\link.5204.write.1.tlog
c:\users\pgb\onedrive - snu\바탕 화면\flame2\test\flame-sim-opengl-master\flame simulation\debug\link.5392-cvtres.read.1.tlog
c:\users\pgb\onedrive - snu\바탕 화면\flame2\test\flame-sim-opengl-master\flame simulation\debug\link.5392-cvtres.write.1.tlog
c:\users\pgb\onedrive - snu\바탕 화면\flame2\test\flame-sim-opengl-master\flame simulation\debug\link.5392-rc.read.1.tlog
c:\users\pgb\onedrive - snu\바탕 화면\flame2\test\flame-sim-opengl-master\flame simulation\debug\link.5392-rc.write.1.tlog
c:\users\pgb\onedrive - snu\바탕 화면\flame2\test\flame-sim-opengl-master\flame simulation\debug\link.5392.read.1.tlog
c:\users\pgb\onedrive - snu\바탕 화면\flame2\test\flame-sim-opengl-master\flame simulation\debug\link.5392.write.1.tlog
c:\users\pgb\onedrive - snu\바탕 화면\flame2\test\flame-sim-opengl-master\flame simulation\debug\link.5596-cvtres.read.1.tlog
c:\users\pgb\onedrive - snu\바탕 화면\flame2\test\flame-sim-opengl-master\flame simulation\debug\link.5596-cvtres.write.1.tlog
c:\users\pgb\onedrive - snu\바탕 화면\flame2\test\flame-sim-opengl-master\flame simulation\debug\link.5596-rc.read.1.tlog
c:\users\pgb\onedrive - snu\바탕 화면\flame2\test\flame-sim-opengl-master\flame simulation\debug\link.5596-rc.write.1.tlog
c:\users\pgb\onedrive - snu\바탕 화면\flame2\test\flame-sim-opengl-master\flame simulation\debug\link.5596.read.1.tlog
c:\users\pgb\onedrive - snu\바탕 화면\flame2\test\flame-sim-opengl-master\flame simulation\debug\link.5596.write.1.tlog
c:\users\pgb\onedrive - snu\바탕 화면\flame2\test\flame-sim-opengl-master\flame simulation\debug\link.5712-cvtres.read.1.tlog
c:\users\pgb\onedrive - snu\바탕 화면\flame2\test\flame-sim-opengl-master\flame simulation\debug\link.5712-cvtres.write.1.tlog
c:\users\pgb\onedrive - snu\바탕 화면\flame2\test\flame-sim-opengl-master\flame simulation\debug\link.5712-rc.read.1.tlog
c:\users\pgb\onedrive - snu\바탕 화면\flame2\test\flame-sim-opengl-master\flame simulation\debug\link.5712-rc.write.1.tlog
c:\users\pgb\onedrive - snu\바탕 화면\flame2\test\flame-sim-opengl-master\flame simulation\debug\link.5712.read.1.tlog
c:\users\pgb\onedrive - snu\바탕 화면\flame2\test\flame-sim-opengl-master\flame simulation\debug\link.5712.write.1.tlog
c:\users\pgb\onedrive - snu\바탕 화면\flame2\test\flame-sim-opengl-master\flame simulation\debug\link.6204-cvtres.read.1.tlog
c:\users\pgb\onedrive - snu\바탕 화면\flame2\test\flame-sim-opengl-master\flame simulation\debug\link.6204-cvtres.write.1.tlog
c:\users\pgb\onedrive - snu\바탕 화면\flame2\test\flame-sim-opengl-master\flame simulation\debug\link.6204-rc.read.1.tlog
c:\users\pgb\onedrive - snu\바탕 화면\flame2\test\flame-sim-opengl-master\flame simulation\debug\link.6204-rc.write.1.tlog
c:\users\pgb\onedrive - snu\바탕 화면\flame2\test\flame-sim-opengl-master\flame simulation\debug\link.6204.read.1.tlog
c:\users\pgb\onedrive - snu\바탕 화면\flame2\test\flame-sim-opengl-master\flame simulation\debug\link.6204.write.1.tlog
c:\users\pgb\onedrive - snu\바탕 화면\flame2\test\flame-sim-opengl-master\flame simulation\debug\link.6400-cvtres.read.1.tlog
c:\users\pgb\onedrive - snu\바탕 화면\flame2\test\flame-sim-opengl-master\flame simulation\debug\link.6400-cvtres.write.1.tlog
c:\users\pgb\onedrive - snu\바탕 화면\flame2\test\flame-sim-opengl-master\flame simulation\debug\link.6400-rc.read.1.tlog
c:\users\pgb\onedrive - snu\바탕 화면\flame2\test\flame-sim-opengl-master\flame simulation\debug\link.6400-rc.write.1.tlog
c:\users\pgb\onedrive - snu\바탕 화면\flame2\test\flame-sim-opengl-master\flame simulation\debug\link.6400.read.1.tlog
c:\users\pgb\onedrive - snu\바탕 화면\flame2\test\flame-sim-opengl-master\flame simulation\debug\link.6400.write.1.tlog
c:\users\pgb\onedrive - snu\바탕 화면\flame2\test\flame-sim-opengl-master\flame simulation\debug\link.6856-cvtres.read.1.tlog
c:\users\pgb\onedrive - snu\바탕 화면\flame2\test\flame-sim-opengl-master\flame simulation\debug\link.6856-cvtres.write.1.tlog
c:\users\pgb\onedrive - snu\바탕 화면\flame2\test\flame-sim-opengl-master\flame simulation\debug\link.6856-rc.read.1.tlog
c:\users\pgb\onedrive - snu\바탕 화면\flame2\test\flame-sim-opengl-master\flame simulation\debug\link.6856-rc.write.1.tlog
c:\users\pgb\onedrive - snu\바탕 화면\flame2\test\flame-sim-opengl-master\flame simulation\debug\link.6856.read.1.tlog
c:\users\pgb\onedrive - snu\바탕 화면\flame2\test\flame-sim-opengl-master\flame simulation\debug\link.6856.write.1.tlog
c:\users\pgb\onedrive - snu\바탕 화면\flame2\test\flame-sim-opengl-master\flame simulation\debug\link.6968-cvtres.read.1.tlog
c:\users\pgb\onedrive - snu\바탕 화면\flame2\test\flame-sim-opengl-master\flame simulation\debug\link.6968-cvtres.write.1.tlog
c:\users\pgb\onedrive - snu\바탕 화면\flame2\test\flame-sim-opengl-master\flame simulation\debug\link.6968-rc.read.1.tlog
c:\users\pgb\onedrive - snu\바탕 화면\flame2\test\flame-sim-opengl-master\flame simulation\debug\link.6968-rc.write.1.tlog
c:\users\pgb\onedrive - snu\바탕 화면\flame2\test\flame-sim-opengl-master\flame simulation\debug\link.6968.read.1.tlog
c:\users\pgb\onedrive - snu\바탕 화면\flame2\test\flame-sim-opengl-master\flame simulation\debug\link.6968.write.1.tlog
c:\users\pgb\onedrive - snu\바탕 화면\flame2\test\flame-sim-opengl-master\flame simulation\debug\link.7116-cvtres.read.1.tlog
c:\users\pgb\onedrive - snu\바탕 화면\flame2\test\flame-sim-opengl-master\flame simulation\debug\link.7116-cvtres.write.1.tlog
c:\users\pgb\onedrive - snu\바탕 화면\flame2\test\flame-sim-opengl-master\flame simulation\debug\link.7116-rc.read.1.tlog
c:\users\pgb\onedrive - snu\바탕 화면\flame2\test\flame-sim-opengl-master\flame simulation\debug\link.7116-rc.write.1.tlog
c:\users\pgb\onedrive - snu\바탕 화면\flame2\test\flame-sim-opengl-master\flame simulation\debug\link.7116.read.1.tlog
c:\users\pgb\onedrive - snu\바탕 화면\flame2\test\flame-sim-opengl-master\flame simulation\debug\link.7116.write.1.tlog
c:\users\pgb\onedrive - snu\바탕 화면\flame2\test\flame-sim-opengl-master\flame simulation\debug\link.7424-cvtres.read.1.tlog
c:\users\pgb\onedrive - snu\바탕 화면\flame2\test\flame-sim-opengl-master\flame simulation\debug\link.7424-cvtres.write.1.tlog
c:\users\pgb\onedrive - snu\바탕 화면\flame2\test\flame-sim-opengl-master\flame simulation\debug\link.7424-rc.read.1.tlog
c:\users\pgb\onedrive - snu\바탕 화면\flame2\test\flame-sim-opengl-master\flame simulation\debug\link.7424-rc.write.1.tlog
c:\users\pgb\onedrive - snu\바탕 화면\flame2\test\flame-sim-opengl-master\flame simulation\debug\link.7424.read.1.tlog
c:\users\pgb\onedrive - snu\바탕 화면\flame2\test\flame-sim-opengl-master\flame simulation\debug\link.7424.write.1.tlog
c:\users\pgb\onedrive - snu\바탕 화면\flame2\test\flame-sim-opengl-master\flame simulation\debug\link.7592-cvtres.read.1.tlog
c:\users\pgb\onedrive - snu\바탕 화면\flame2\test\flame-sim-opengl-master\flame simulation\debug\link.7592-cvtres.write.1.tlog
c:\users\pgb\onedrive - snu\바탕 화면\flame2\test\flame-sim-opengl-master\flame simulation\debug\link.7592-rc.read.1.tlog
c:\users\pgb\onedrive - snu\바탕 화면\flame2\test\flame-sim-opengl-master\flame simulation\debug\link.7592-rc.write.1.tlog
c:\users\pgb\onedrive - snu\바탕 화면\flame2\test\flame-sim-opengl-master\flame simulation\debug\link.7592.read.1.tlog
c:\users\pgb\onedrive - snu\바탕 화면\flame2\test\flame-sim-opengl-master\flame simulation\debug\link.7592.write.1.tlog
c:\users\pgb\onedrive - snu\바탕 화면\flame2\test\flame-sim-opengl-master\flame simulation\debug\link.7760-cvtres.read.1.tlog
c:\users\pgb\onedrive - snu\바탕 화면\flame2\test\flame-sim-opengl-master\flame simulation\debug\link.7760-cvtres.write.1.tlog
c:\users\pgb\onedrive - snu\바탕 화면\flame2\test\flame-sim-opengl-master\flame simulation\debug\link.7760-rc.read.1.tlog
c:\users\pgb\onedrive - snu\바탕 화면\flame2\test\flame-sim-opengl-master\flame simulation\debug\link.7760-rc.write.1.tlog
c:\users\pgb\onedrive - snu\바탕 화면\flame2\test\flame-sim-opengl-master\flame simulation\debug\link.7760.read.1.tlog
c:\users\pgb\onedrive - snu\바탕 화면\flame2\test\flame-sim-opengl-master\flame simulation\debug\link.7760.write.1.tlog
c:\users\pgb\onedrive - snu\바탕 화면\flame2\test\flame-sim-opengl-master\flame simulation\debug\link.7924-cvtres.read.1.tlog
c:\users\pgb\onedrive - snu\바탕 화면\flame2\test\flame-sim-opengl-master\flame simulation\debug\link.7924-cvtres.write.1.tlog
c:\users\pgb\onedrive - snu\바탕 화면\flame2\test\flame-sim-opengl-master\flame simulation\debug\link.7924-rc.read.1.tlog
c:\users\pgb\onedrive - snu\바탕 화면\flame2\test\flame-sim-opengl-master\flame simulation\debug\link.7924-rc.write.1.tlog
c:\users\pgb\onedrive - snu\바탕 화면\flame2\test\flame-sim-opengl-master\flame simulation\debug\link.7924.read.1.tlog
c:\users\pgb\onedrive - snu\바탕 화면\flame2\test\flame-sim-opengl-master\flame simulation\debug\link.7924.write.1.tlog
c:\users\pgb\onedrive - snu\바탕 화면\flame2\test\flame-sim-opengl-master\flame simulation\debug\link.8368-cvtres.read.1.tlog
c:\users\pgb\onedrive - snu\바탕 화면\flame2\test\flame-sim-opengl-master\flame simulation\debug\link.8368-cvtres.write.1.tlog
c:\users\pgb\onedrive - snu\바탕 화면\flame2\test\flame-sim-opengl-master\flame simulation\debug\link.8368-rc.read.1.tlog
c:\users\pgb\onedrive - snu\바탕 화면\flame2\test\flame-sim-opengl-master\flame simulation\debug\link.8368-rc.write.1.tlog
c:\users\pgb\onedrive - snu\바탕 화면\flame2\test\flame-sim-opengl-master\flame simulation\debug\link.8368.read.1.tlog
c:\users\pgb\onedrive - snu\바탕 화면\flame2\test\flame-sim-opengl-master\flame simulation\debug\link.8368.write.1.tlog
c:\users\pgb\onedrive - snu\바탕 화면\flame2\test\flame-sim-opengl-master\flame simulation\debug\link.8412-cvtres.read.1.tlog
c:\users\pgb\onedrive - snu\바탕 화면\flame2\test\flame-sim-opengl-master\flame simulation\debug\link.8412-cvtres.write.1.tlog
c:\users\pgb\onedrive - snu\바탕 화면\flame2\test\flame-sim-opengl-master\flame simulation\debug\link.8412-rc.read.1.tlog
c:\users\pgb\onedrive - snu\바탕 화면\flame2\test\flame-sim-opengl-master\flame simulation\debug\link.8412-rc.write.1.tlog
c:\users\pgb\onedrive - snu\바탕 화면\flame2\test\flame-sim-opengl-master\flame simulation\debug\link.8412.read.1.tlog
c:\users\pgb\onedrive - snu\바탕 화면\flame2\test\flame-sim-opengl-master\flame simulation\debug\link.8412.write.1.tlog
c:\users\pgb\onedrive - snu\바탕 화면\flame2\test\flame-sim-opengl-master\flame simulation\debug\link.9076-cvtres.read.1.tlog
c:\users\pgb\onedrive - snu\바탕 화면\flame2\test\flame-sim-opengl-master\flame simulation\debug\link.9076-cvtres.write.1.tlog
c:\users\pgb\onedrive - snu\바탕 화면\flame2\test\flame-sim-opengl-master\flame simulation\debug\link.9076-rc.read.1.tlog
c:\users\pgb\onedrive - snu\바탕 화면\flame2\test\flame-sim-opengl-master\flame simulation\debug\link.9076-rc.write.1.tlog
c:\users\pgb\onedrive - snu\바탕 화면\flame2\test\flame-sim-opengl-master\flame simulation\debug\link.9076.read.1.tlog
c:\users\pgb\onedrive - snu\바탕 화면\flame2\test\flame-sim-opengl-master\flame simulation\debug\link.9076.write.1.tlog
c:\users\pgb\onedrive - snu\바탕 화면\flame2\test\flame-sim-opengl-master\flame simulation\debug\link.9176-cvtres.read.1.tlog
c:\users\pgb\onedrive - snu\바탕 화면\flame2\test\flame-sim-opengl-master\flame simulation\debug\link.9176-cvtres.write.1.tlog
c:\users\pgb\onedrive - snu\바탕 화면\flame2\test\flame-sim-opengl-master\flame simulation\debug\link.9176-rc.read.1.tlog
c:\users\pgb\onedrive - snu\바탕 화면\flame2\test\flame-sim-opengl-master\flame simulation\debug\link.9176-rc.write.1.tlog
c:\users\pgb\onedrive - snu\바탕 화면\flame2\test\flame-sim-opengl-master\flame simulation\debug\link.9176.read.1.tlog
c:\users\pgb\onedrive - snu\바탕 화면\flame2\test\flame-sim-opengl-master\flame simulation\debug\link.9176.write.1.tlog
c:\users\pgb\onedrive - snu\바탕 화면\flame2\test\flame-sim-opengl-master\flame simulation\debug\link.9308-cvtres.read.1.tlog
c:\users\pgb\onedrive - snu\바탕 화면\flame2\test\flame-sim-opengl-master\flame simulation\debug\link.9308-cvtres.write.1.tlog
c:\users\pgb\onedrive - snu\바탕 화면\flame2\test\flame-sim-opengl-master\flame simulation\debug\link.9308-rc.read.1.tlog
c:\users\pgb\onedrive - snu\바탕 화면\flame2\test\flame-sim-opengl-master\flame simulation\debug\link.9308-rc.write.1.tlog
c:\users\pgb\onedrive - snu\바탕 화면\flame2\test\flame-sim-opengl-master\flame simulation\debug\link.9308.read.1.tlog
c:\users\pgb\onedrive - snu\바탕 화면\flame2\test\flame-sim-opengl-master\flame simulation\debug\link.9308.write.1.tlog
c:\users\pgb\onedrive - snu\바탕 화면\flame2\test\flame-sim-opengl-master\flame simulation\debug\link.9724-cvtres.read.1.tlog
c:\users\pgb\onedrive - snu\바탕 화면\flame2\test\flame-sim-opengl-master\flame simulation\debug\link.9724-cvtres.write.1.tlog
c:\users\pgb\onedrive - snu\바탕 화면\flame2\test\flame-sim-opengl-master\flame simulation\debug\link.9724-rc.read.1.tlog
c:\users\pgb\onedrive - snu\바탕 화면\flame2\test\flame-sim-opengl-master\flame simulation\debug\link.9724-rc.write.1.tlog
c:\users\pgb\onedrive - snu\바탕 화면\flame2\test\flame-sim-opengl-master\flame simulation\debug\link.9724.read.1.tlog
c:\users\pgb\onedrive - snu\바탕 화면\flame2\test\flame-sim-opengl-master\flame simulation\debug\link.9724.write.1.tlog
c:\users\pgb\onedrive - snu\바탕 화면\flame2\test\flame-sim-opengl-master\flame simulation\debug\link.9976-cvtres.read.1.tlog
c:\users\pgb\onedrive - snu\바탕 화면\flame2\test\flame-sim-opengl-master\flame simulation\debug\link.9976-cvtres.write.1.tlog
c:\users\pgb\onedrive - snu\바탕 화면\flame2\test\flame-sim-opengl-master\flame simulation\debug\link.9976-rc.read.1.tlog
c:\users\pgb\onedrive - snu\바탕 화면\flame2\test\flame-sim-opengl-master\flame simulation\debug\link.9976-rc.write.1.tlog
c:\users\pgb\onedrive - snu\바탕 화면\flame2\test\flame-sim-opengl-master\flame simulation\debug\link.9976.read.1.tlog
c:\users\pgb\onedrive - snu\바탕 화면\flame2\test\flame-sim-opengl-master\flame simulation\debug\link.9976.write.1.tlog
c:\users\pgb\onedrive - snu\바탕 화면\flame2\test\flame-sim-opengl-master\flame simulation\debug\link.command.1.tlog
c:\users\pgb\onedrive - snu\바탕 화면\flame2\test\flame-sim-opengl-master\flame simulation\debug\link.read.1.tlog
c:\users\pgb\onedrive - snu\바탕 화면\flame2\test\flame-sim-opengl-master\flame simulation\debug\link.write.1.tlog
c:\users\pgb\onedrive - snu\바탕 화면\flame2\test\flame-sim-opengl-master\flame simulation\debug\vc110.idb
c:\users\pgb\onedrive - snu\바탕 화면\flame2\test\flame-sim-opengl-master\flame simulation\debug\vc143.idb
c:\users\pgb\onedrive - snu\바탕 화면\flame2\test\flame-sim-opengl-master\flame simulation\debug\vc110.pdb
c:\users\pgb\onedrive - snu\바탕 화면\flame2\test\flame-sim-opengl-master\flame simulation\debug\vc143.pdb
c:\users\pgb\onedrive - snu\바탕 화면\flame2\test\flame-sim-opengl-master\debug\flame simulation.pdb
c:\users\pgb\onedrive - snu\바탕 화면\flame2\test\flame-sim-opengl-master\debug\flame simulation.exe
c:\users\pgb\onedrive - snu\바탕 화면\flame2\test\flame-sim-opengl-master\debug\flame simulation.ilk
c:\users\pgb\onedrive - snu\바탕 화면\flame2\test\flame-sim-opengl-master\flame simulation\debug\flame simulation.tlog\cl.command.1.tlog
c:\users\pgb\onedrive - snu\바탕 화면\flame2\test\flame-sim-opengl-master\flame simulation\debug\flame simulation.tlog\cl.read.1.tlog
c:\users\pgb\onedrive - snu\바탕 화면\flame2\test\flame-sim-opengl-master\flame simulation\debug\flame simulation.tlog\cl.write.1.tlog
c:\users\pgb\onedrive - snu\바탕 화면\flame2\test\flame-sim-opengl-master\flame simulation\debug\flame simulation.tlog\link.command.1.tlog
c:\users\pgb\onedrive - snu\바탕 화면\flame2\test\flame-sim-opengl-master\flame simulation\debug\flame simulation.tlog\link.read.1.tlog
c:\users\pgb\onedrive - snu\바탕 화면\flame2\test\flame-sim-opengl-master\flame simulation\debug\flame simulation.tlog\link.write.1.tlog
