  Particle.cpp
C:\Users\pgb\OneDrive - SNU\바탕 화면\flame2\test\Flame-Sim-OpenGL-master\Flame Simulation\Particle.cpp(12,58): warning C4305: '인수': 'double'에서 'T'(으)로 잘립니다.
          with
          [
              T=float
          ]
C:\Users\pgb\OneDrive - SNU\바탕 화면\flame2\test\Flame-Sim-OpenGL-master\Flame Simulation\Particle.cpp(12,83): warning C4305: '인수': 'double'에서 'T'(으)로 잘립니다.
          with
          [
              T=float
          ]
C:\Users\pgb\OneDrive - SNU\바탕 화면\flame2\test\Flame-Sim-OpenGL-master\Flame Simulation\Particle.cpp(45,22): warning C4305: '초기화 중': 'double'에서 'float'(으)로 잘립니다.
C:\Users\pgb\OneDrive - SNU\바탕 화면\flame2\test\Flame-Sim-OpenGL-master\Flame Simulation\Particle.cpp(70,23): warning C4305: '인수': 'double'에서 'T'(으)로 잘립니다.
          with
          [
              T=float
          ]
C:\Users\pgb\OneDrive - SNU\바탕 화면\flame2\test\Flame-Sim-OpenGL-master\Flame Simulation\Particle.cpp(72,14): warning C4244: 'return': 'double'에서 'float'(으)로 변환하면서 데이터가 손실될 수 있습니다.
C:\Users\pgb\OneDrive - SNU\바탕 화면\flame2\test\Flame-Sim-OpenGL-master\Flame Simulation\Particle.cpp(75,51): warning C4305: '초기화 중': 'double'에서 'float'(으)로 잘립니다.
C:\Users\pgb\OneDrive - SNU\바탕 화면\flame2\test\Flame-Sim-OpenGL-master\Flame Simulation\Particle.cpp(78,14): warning C4244: 'return': 'genType'에서 'float'(으)로 변환하면서 데이터가 손실될 수 있습니다.
          with
          [
              genType=double
          ]
C:\Users\pgb\OneDrive - SNU\바탕 화면\flame2\test\Flame-Sim-OpenGL-master\Flame Simulation\Particle.cpp(190,41): warning C4554: '&': 연산자 우선 순위에 오류가 있는지 확인하세요. 괄호를 사용하여 우선 순위를 명확하게 지정하세요.
C:\Users\pgb\OneDrive - SNU\바탕 화면\flame2\test\Flame-Sim-OpenGL-master\Flame Simulation\Particle.cpp(218,16): warning C4244: '=': 'float'에서 'int'(으)로 변환하면서 데이터가 손실될 수 있습니다.
  Flame Simulation.vcxproj -> C:\Users\pgb\OneDrive - SNU\바탕 화면\flame2\test\Flame-Sim-OpenGL-master\Debug\Flame Simulation.exe
